nnet-concat --binary=false exp/tri4b_dnn/tr_splice5.nnet 'cmvn-to-nnet --std-dev=1.0 exp/tri4b_dnn/cmvn-g.stats -|' exp/tri4b_dnn/tr_splice5_cmvn-g.nnet 
LOG (nnet-concat[5.3]:main():nnet-concat.cc:53) Reading exp/tri4b_dnn/tr_splice5.nnet
LOG (nnet-concat[5.3]:main():nnet-concat.cc:65) Concatenating cmvn-to-nnet --std-dev=1.0 exp/tri4b_dnn/cmvn-g.stats -|
cmvn-to-nnet --std-dev=1.0 exp/tri4b_dnn/cmvn-g.stats - 
LOG (cmvn-to-nnet[5.3]:main():cmvn-to-nnet.cc:114) Written cmvn in 'nnet1' model to: -
LOG (nnet-concat[5.3]:main():nnet-concat.cc:82) Written model to exp/tri4b_dnn/tr_splice5_cmvn-g.nnet
### Showing the final 'feature_transform':
nnet-info exp/tri4b_dnn/tr_splice5_cmvn-g.nnet 
LOG (nnet-info[5.3]:main():nnet-info.cc:57) Printed info about exp/tri4b_dnn/tr_splice5_cmvn-g.nnet
num-components 3
input-dim 40
output-dim 440
number-of-parameters 0.00088 millions
component 1 : <Splice>, input-dim 40, output-dim 440, 
  frame_offsets [ -5 -4 -3 -2 -1 0 1 2 3 4 5 ]
component 2 : <AddShift>, input-dim 440, output-dim 440, 
  shift_data ( min -0.00404489, max 0.00244576, mean -0.00028907, stddev 0.000940906, skewness -0.818404, kurtosis 1.72095 ) , lr-coef 0
component 3 : <Rescale>, input-dim 440, output-dim 440, 
  scale_data ( min 0.236916, max 0.392197, mean 0.289203, stddev 0.0389445, skewness 0.623485, kurtosis -0.290961 ) , lr-coef 0
###
# NN-INITIALIZATION
# getting input/output dims :
feat-to-dim 'ark:copy-feats scp:exp/tri4b_dnn/train.scp.10k ark:- | apply-cmvn --norm-means=true --norm-vars=false --utt2spk=ark:data/fbank/train/utt2spk scp:data/fbank/train/cmvn.scp ark:- ark:- | nnet-forward "exp/tri4b_dnn/final.feature_transform" ark:- ark:- |' - 
nnet-forward exp/tri4b_dnn/final.feature_transform ark:- ark:- 
LOG (nnet-forward[5.3]:SelectGpuId():cu-device.cc:110) Manually selected to compute on CPU.
copy-feats scp:exp/tri4b_dnn/train.scp.10k ark:- 
apply-cmvn --norm-means=true --norm-vars=false --utt2spk=ark:data/fbank/train/utt2spk scp:data/fbank/train/cmvn.scp ark:- ark:- 
WARNING (feat-to-dim[5.3]:Close():kaldi-io.cc:512) Pipe copy-feats scp:exp/tri4b_dnn/train.scp.10k ark:- | apply-cmvn --norm-means=true --norm-vars=false --utt2spk=ark:data/fbank/train/utt2spk scp:data/fbank/train/cmvn.scp ark:- ark:- | nnet-forward "exp/tri4b_dnn/final.feature_transform" ark:- ark:- | had nonzero return status 36096
# genrating network prototype exp/tri4b_dnn/nnet.proto
['utils/nnet/make_nnet_proto.py', '440', '3447', '4', '1024']
# initializing the NN 'exp/tri4b_dnn/nnet.proto' -> 'exp/tri4b_dnn/nnet.init'
nnet-initialize --seed=777 exp/tri4b_dnn/nnet.proto exp/tri4b_dnn/nnet.init 
VLOG[1] (nnet-initialize[5.3]:Init():nnet-nnet.cc:314) <AffineTransform> <InputDim> 440 <OutputDim> 1024 <BiasMean> -2.000000 <BiasRange> 4.000000 <ParamStddev> 0.037344 <MaxNorm> 0.000000 
VLOG[1] (nnet-initialize[5.3]:Init():nnet-nnet.cc:314) <Sigmoid> <InputDim> 1024 <OutputDim> 1024 
VLOG[1] (nnet-initialize[5.3]:Init():nnet-nnet.cc:314) <AffineTransform> <InputDim> 1024 <OutputDim> 1024 <BiasMean> -2.000000 <BiasRange> 4.000000 <ParamStddev> 0.109375 <MaxNorm> 0.000000 
VLOG[1] (nnet-initialize[5.3]:Init():nnet-nnet.cc:314) <Sigmoid> <InputDim> 1024 <OutputDim> 1024 
VLOG[1] (nnet-initialize[5.3]:Init():nnet-nnet.cc:314) <AffineTransform> <InputDim> 1024 <OutputDim> 1024 <BiasMean> -2.000000 <BiasRange> 4.000000 <ParamStddev> 0.109375 <MaxNorm> 0.000000 
VLOG[1] (nnet-initialize[5.3]:Init():nnet-nnet.cc:314) <Sigmoid> <InputDim> 1024 <OutputDim> 1024 
VLOG[1] (nnet-initialize[5.3]:Init():nnet-nnet.cc:314) <AffineTransform> <InputDim> 1024 <OutputDim> 1024 <BiasMean> -2.000000 <BiasRange> 4.000000 <ParamStddev> 0.109375 <MaxNorm> 0.000000 
VLOG[1] (nnet-initialize[5.3]:Init():nnet-nnet.cc:314) <Sigmoid> <InputDim> 1024 <OutputDim> 1024 
VLOG[1] (nnet-initialize[5.3]:Init():nnet-nnet.cc:314) <AffineTransform> <InputDim> 1024 <OutputDim> 3447 <BiasMean> 0.000000 <BiasRange> 0.000000 <ParamStddev> 0.074025 <LearnRateCoef> 1.000000 <BiasLearnRateCoef> 0.100000
VLOG[1] (nnet-initialize[5.3]:Init():nnet-nnet.cc:314) <Softmax> <InputDim> 3447 <OutputDim> 3447
LOG (nnet-initialize[5.3]:main():nnet-initialize.cc:63) Written initialized model to exp/tri4b_dnn/nnet.init
# RUNNING THE NN-TRAINING SCHEDULER
steps/nnet/train_scheduler.sh --feature-transform exp/tri4b_dnn/final.feature_transform --learn-rate 0.008 exp/tri4b_dnn/nnet.init ark:copy-feats scp:exp/tri4b_dnn/train.scp ark:- | apply-cmvn --norm-means=true --norm-vars=false --utt2spk=ark:data/fbank/train/utt2spk scp:data/fbank/train/cmvn.scp ark:- ark:- | ark:copy-feats scp:exp/tri4b_dnn/cv.scp ark:- | apply-cmvn --norm-means=true --norm-vars=false --utt2spk=ark:data/fbank/dev/utt2spk scp:data/fbank/dev/cmvn.scp ark:- ark:- | ark:ali-to-pdf exp/tri4b_ali/final.mdl "ark:gunzip -c exp/tri4b_ali/ali.*.gz |" ark:- | ali-to-post ark:- ark:- | ark:ali-to-pdf exp/tri4b_ali/final.mdl "ark:gunzip -c exp/tri4b_ali_cv/ali.*.gz |" ark:- | ali-to-post ark:- ark:- | exp/tri4b_dnn
CROSSVAL PRERUN AVG.LOSS 8.4103 (Xent),
ITERATION 01: TRAIN AVG.LOSS 2.0861, (lrate0.008), CROSSVAL AVG.LOSS 2.1861, nnet accepted (nnet_iter01_learnrate0.008_tr2.0861_cv2.1861)
ITERATION 02: fstisstochastic exp/tri4b/graph_word/HCLGa.fst 
0.644531 -0.128947
HCLGa is not stochastic
add-self-loops --self-loop-scale=0.1 --reorder=true exp/tri4b/final.mdl 
TRAIN AVG.LOSS 1.4121, (lrate0.008), CROSSVAL AVG.LOSS 2.0158, nnet accepted (nnet_iter02_learnrate0.008_tr1.4121_cv2.0158)
ITERATION 03: steps/decode_fmllr.sh --cmd run.pl --nj 8 exp/tri4b/graph_word data/mfcc/test exp/tri4b/decode_test_word
steps/decode.sh --scoring-opts  --num-threads 1 --skip-scoring false --acwt 0.083333 --nj 8 --cmd run.pl --beam 10.0 --model exp/tri4b/final.alimdl --max-active 2000 exp/tri4b/graph_word data/mfcc/test exp/tri4b/decode_test_word.si
decode.sh: feature type is lda
TRAIN AVG.LOSS 1.2456, (lrate0.008), CROSSVAL AVG.LOSS 1.9338, nnet accepted (nnet_iter03_learnrate0.008_tr1.2456_cv1.9338)
ITERATION 04: TRAIN AVG.LOSS 1.1427, (lrate0.008), CROSSVAL AVG.LOSS 1.9063, nnet accepted (nnet_iter04_learnrate0.008_tr1.1427_cv1.9063)
ITERATION 05: steps/diagnostic/analyze_lats.sh --cmd run.pl exp/tri3b/graph_word exp/tri3b/decode_test_word.si
steps/diagnostic/analyze_lats.sh: see stats in exp/tri3b/decode_test_word.si/log/analyze_alignments.log
Overall, lattice depth (10,50,90-percentile)=(1,8,42) and mean=16.5
steps/diagnostic/analyze_lats.sh: see stats in exp/tri3b/decode_test_word.si/log/analyze_lattice_depth_stats.log
local/score.sh --cmd run.pl data/mfcc/test exp/tri3b/graph_word exp/tri3b/decode_test_word.si
local/score.sh: scoring with word insertion penalty=0.0,0.5,1.0
steps/decode_fmllr.sh: feature type is lda
steps/decode_fmllr.sh: getting first-pass fMLLR transforms.
TRAIN AVG.LOSS 1.0688, (lrate0.008), CROSSVAL AVG.LOSS 1.9084, nnet rejected (nnet_iter05_learnrate0.008_tr1.0688_cv1.9084_rejected)
ITERATION 06: steps/decode_fmllr.sh: doing main lattice generation phase
TRAIN AVG.LOSS 1.0643, (lrate0.004), CROSSVAL AVG.LOSS 1.7291, nnet accepted (nnet_iter06_learnrate0.004_tr1.0643_cv1.7291)
ITERATION 07: TRAIN AVG.LOSS 1.0321, (lrate0.002), CROSSVAL AVG.LOSS 1.6011, nnet accepted (nnet_iter07_learnrate0.002_tr1.0321_cv1.6011)
ITERATION 08: TRAIN AVG.LOSS 1.0287, (lrate0.001), CROSSVAL AVG.LOSS 1.5122, nnet accepted (nnet_iter08_learnrate0.001_tr1.0287_cv1.5122)
ITERATION 09: steps/diagnostic/analyze_lats.sh --cmd run.pl exp/tri1/graph_word exp/tri1/decode_test_word
steps/diagnostic/analyze_lats.sh: see stats in exp/tri1/decode_test_word/log/analyze_alignments.log
Overall, lattice depth (10,50,90-percentile)=(1,13,74) and mean=28.6
steps/diagnostic/analyze_lats.sh: see stats in exp/tri1/decode_test_word/log/analyze_lattice_depth_stats.log
local/score.sh --cmd run.pl data/mfcc/test exp/tri1/graph_word exp/tri1/decode_test_word
local/score.sh: scoring with word insertion penalty=0.0,0.5,1.0
steps/diagnostic/analyze_lats.sh --cmd run.pl exp/tri4b/graph_word exp/tri4b/decode_test_word.si
steps/diagnostic/analyze_lats.sh: see stats in exp/tri4b/decode_test_word.si/log/analyze_alignments.log
Overall, lattice depth (10,50,90-percentile)=(1,7,35) and mean=13.9
steps/diagnostic/analyze_lats.sh: see stats in exp/tri4b/decode_test_word.si/log/analyze_lattice_depth_stats.log
local/score.sh --cmd run.pl data/mfcc/test exp/tri4b/graph_word exp/tri4b/decode_test_word.si
local/score.sh: scoring with word insertion penalty=0.0,0.5,1.0
TRAIN AVG.LOSS 1.0339, (lrate0.0005), CROSSVAL AVG.LOSS 1.4550, nnet accepted (nnet_iter09_learnrate0.0005_tr1.0339_cv1.4550)
ITERATION 10: steps/decode_fmllr.sh: feature type is lda
steps/decode_fmllr.sh: getting first-pass fMLLR transforms.
tree-info exp/tri1/tree 
tree-info exp/tri1/tree 
fsttablecompose data/graph_phone/lang/L_disambig.fst data/graph_phone/lang/G.fst 
fstminimizeencoded 
fstdeterminizestar --use-log=true 
fstpushspecial 
fstisstochastic data/graph_phone/lang/tmp/LG.fst 
-0.264706 -0.265648
[info]: LG not stochastic.
fstcomposecontext --context-size=3 --central-position=1 --read-disambig-syms=data/graph_phone/lang/phones/disambig.int --write-disambig-syms=data/graph_phone/lang/tmp/disambig_ilabels_3_1.int data/graph_phone/lang/tmp/ilabels_3_1.42052 
steps/decode_fmllr.sh: doing main lattice generation phase
fstisstochastic data/graph_phone/lang/tmp/CLG_3_1.fst 
0 -0.265648
[info]: CLG not stochastic.
make-h-transducer --disambig-syms-out=exp/tri1/graph_phone/disambig_tid.int --transition-scale=1.0 data/graph_phone/lang/tmp/ilabels_3_1 exp/tri1/tree exp/tri1/final.mdl 
steps/diagnostic/analyze_lats.sh --cmd run.pl exp/tri2b/graph_word exp/tri2b/decode_test_word
steps/diagnostic/analyze_lats.sh: see stats in exp/tri2b/decode_test_word/log/analyze_alignments.log
Overall, lattice depth (10,50,90-percentile)=(1,9,55) and mean=21.4
steps/diagnostic/analyze_lats.sh: see stats in exp/tri2b/decode_test_word/log/analyze_lattice_depth_stats.log
local/score.sh --cmd run.pl data/mfcc/test exp/tri2b/graph_word exp/tri2b/decode_test_word
local/score.sh: scoring with word insertion penalty=0.0,0.5,1.0
fstrmepslocal 
fsttablecompose exp/tri1/graph_phone/Ha.fst data/graph_phone/lang/tmp/CLG_3_1.fst 
fstdeterminizestar --use-log=true 
fstminimizeencoded 
fstrmsymbols exp/tri1/graph_phone/disambig_tid.int 
TRAIN AVG.LOSS 1.0390, (lrate0.00025), CROSSVAL AVG.LOSS 1.4221, nnet accepted (nnet_iter10_learnrate0.00025_tr1.0390_cv1.4221)
ITERATION 11: tree-info exp/tri2b/tree 
tree-info exp/tri2b/tree 
make-h-transducer --disambig-syms-out=exp/tri2b/graph_phone/disambig_tid.int --transition-scale=1.0 data/graph_phone/lang/tmp/ilabels_3_1 exp/tri2b/tree exp/tri2b/final.mdl 
fsttablecompose exp/tri2b/graph_phone/Ha.fst data/graph_phone/lang/tmp/CLG_3_1.fst 
fstdeterminizestar --use-log=true 
fstrmsymbols exp/tri2b/graph_phone/disambig_tid.int 
fstrmepslocal 
fstminimizeencoded 
fstisstochastic exp/tri1/graph_phone/HCLGa.fst 
0.000481428 -0.797944
HCLGa is not stochastic
add-self-loops --self-loop-scale=0.1 --reorder=true exp/tri1/final.mdl 
steps/decode.sh --cmd run.pl --nj 8 exp/tri1/graph_phone data/mfcc/test_phone exp/tri1/decode_test_phone
decode.sh: feature type is delta
TRAIN AVG.LOSS 1.0419, (lrate0.000125), CROSSVAL AVG.LOSS 1.4042, nnet accepted (nnet_iter11_learnrate0.000125_tr1.0419_cv1.4042)
ITERATION 12: fstisstochastic exp/tri2b/graph_phone/HCLGa.fst 
0.000483027 -0.797684
HCLGa is not stochastic
add-self-loops --self-loop-scale=0.1 --reorder=true exp/tri2b/final.mdl 
steps/decode.sh --cmd run.pl --nj 8 exp/tri2b/graph_phone data/mfcc/test_phone exp/tri2b/decode_test_phone
decode.sh: feature type is lda
TRAIN AVG.LOSS 1.0430, (lrate6.25e-05), CROSSVAL AVG.LOSS 1.3952, nnet accepted (nnet_iter12_learnrate6.25e-05_tr1.0430_cv1.3952)
ITERATION 13: TRAIN AVG.LOSS 1.0430, (lrate3.125e-05), CROSSVAL AVG.LOSS 1.3908, nnet accepted (nnet_iter13_learnrate3.125e-05_tr1.0430_cv1.3908)
ITERATION 14: steps/diagnostic/analyze_lats.sh --cmd run.pl exp/mono/graph_word exp/mono/decode_test_word
steps/diagnostic/analyze_lats.sh: see stats in exp/mono/decode_test_word/log/analyze_alignments.log
Overall, lattice depth (10,50,90-percentile)=(3,36,178) and mean=70.1
steps/diagnostic/analyze_lats.sh: see stats in exp/mono/decode_test_word/log/analyze_lattice_depth_stats.log
local/score.sh --cmd run.pl data/mfcc/test exp/mono/graph_word exp/mono/decode_test_word
local/score.sh: scoring with word insertion penalty=0.0,0.5,1.0
TRAIN AVG.LOSS 1.0425, (lrate1.5625e-05), CROSSVAL AVG.LOSS 1.3888, nnet accepted (nnet_iter14_learnrate1.5625e-05_tr1.0425_cv1.3888)
ITERATION 15: WARNING: the --mono, --left-biphone and --quinphone options are now deprecated and ignored.
tree-info exp/mono/tree 
tree-info exp/mono/tree 
fstcomposecontext --context-size=1 --central-position=0 --read-disambig-syms=data/graph_phone/lang/phones/disambig.int --write-disambig-syms=data/graph_phone/lang/tmp/disambig_ilabels_1_0.int data/graph_phone/lang/tmp/ilabels_1_0.23187 
fstisstochastic data/graph_phone/lang/tmp/CLG_1_0.fst 
-0.264706 -0.265648
[info]: CLG not stochastic.
make-h-transducer --disambig-syms-out=exp/mono/graph_phone/disambig_tid.int --transition-scale=1.0 data/graph_phone/lang/tmp/ilabels_1_0 exp/mono/tree exp/mono/final.mdl 
fstrmepslocal 
fsttablecompose exp/mono/graph_phone/Ha.fst data/graph_phone/lang/tmp/CLG_1_0.fst 
fstrmsymbols exp/mono/graph_phone/disambig_tid.int 
fstminimizeencoded 
fstdeterminizestar --use-log=true 
fstisstochastic exp/mono/graph_phone/HCLGa.fst 
0.00033643 -0.522085
HCLGa is not stochastic
add-self-loops --self-loop-scale=0.1 --reorder=true exp/mono/final.mdl 
steps/decode.sh --cmd run.pl --nj 8 exp/mono/graph_phone data/mfcc/test_phone exp/mono/decode_test_phone
decode.sh: feature type is delta
TRAIN AVG.LOSS 1.0420, (lrate7.8125e-06), CROSSVAL AVG.LOSS 1.3880, nnet accepted (nnet_iter15_learnrate7.8125e-06_tr1.0420_cv1.3880)
finished, too small rel. improvement 0.000590451
steps/nnet/train_scheduler.sh: Succeeded training the Neural Network : 'exp/tri4b_dnn/final.nnet'
steps/nnet/train.sh: Successfuly finished. 'exp/tri4b_dnn'
steps/nnet/decode.sh --nj 8 --cmd run.pl --srcdir exp/tri4b_dnn --config conf/decode_dnn.config --acwt 0.1 exp/tri4b/graph_phone data/fbank/test_phone exp/tri4b_dnn/decode_test_phone
steps/nnet/decode.sh --nj 8 --cmd run.pl --srcdir exp/tri4b_dnn --config conf/decode_dnn.config --acwt 0.1 exp/tri4b/graph_word data/fbank/test exp/tri4b_dnn/decode_test_word
steps/nnet/align.sh --nj 8 --cmd run.pl data/fbank/train data/lang exp/tri4b_dnn exp/tri4b_dnn_ali
steps/nnet/decode.sh: missing file exp/tri4b/graph_phone/HCLG.fst
steps/nnet/align.sh: aligning data 'data/fbank/train' using nnet/model 'exp/tri4b_dnn', putting alignments in 'exp/tri4b_dnn_ali'
# Accounting: time=2893 threads=1
# Ended (code 0) at Tue Jan 23 11:42:10 CST 2018, elapsed time 2893 seconds
steps/decode_fmllr.sh: estimating fMLLR transforms a second time.
steps/decode_fmllr.sh: doing a final pass of acoustic rescoring.
steps/diagnostic/analyze_lats.sh --cmd run.pl exp/tri3b/graph_word exp/tri3b/decode_test_word
steps/diagnostic/analyze_lats.sh: see stats in exp/tri3b/decode_test_word/log/analyze_alignments.log
Overall, lattice depth (10,50,90-percentile)=(1,7,42) and mean=16.3
steps/diagnostic/analyze_lats.sh: see stats in exp/tri3b/decode_test_word/log/analyze_lattice_depth_stats.log
local/score.sh --cmd run.pl data/mfcc/test exp/tri3b/graph_word exp/tri3b/decode_test_word
local/score.sh: scoring with word insertion penalty=0.0,0.5,1.0
tree-info exp/tri3b/tree 
tree-info exp/tri3b/tree 
make-h-transducer --disambig-syms-out=exp/tri3b/graph_phone/disambig_tid.int --transition-scale=1.0 data/graph_phone/lang/tmp/ilabels_3_1 exp/tri3b/tree exp/tri3b/final.mdl 
fstrmepslocal 
fstminimizeencoded 
fsttablecompose exp/tri3b/graph_phone/Ha.fst data/graph_phone/lang/tmp/CLG_3_1.fst 
fstdeterminizestar --use-log=true 
fstrmsymbols exp/tri3b/graph_phone/disambig_tid.int 
fstisstochastic exp/tri3b/graph_phone/HCLGa.fst 
0.000481428 -0.797592
HCLGa is not stochastic
add-self-loops --self-loop-scale=0.1 --reorder=true exp/tri3b/final.mdl 
steps/decode_fmllr.sh --cmd run.pl --nj 8 exp/tri3b/graph_phone data/mfcc/test_phone exp/tri3b/decode_test_phone
steps/decode.sh --scoring-opts  --num-threads 1 --skip-scoring false --acwt 0.083333 --nj 8 --cmd run.pl --beam 10.0 --model exp/tri3b/final.alimdl --max-active 2000 exp/tri3b/graph_phone data/mfcc/test_phone exp/tri3b/decode_test_phone.si
decode.sh: feature type is lda
steps/decode_fmllr.sh: estimating fMLLR transforms a second time.
steps/decode_fmllr.sh: doing a final pass of acoustic rescoring.
steps/diagnostic/analyze_lats.sh --cmd run.pl exp/tri4b/graph_word exp/tri4b/decode_test_word
steps/diagnostic/analyze_lats.sh: see stats in exp/tri4b/decode_test_word/log/analyze_alignments.log
Overall, lattice depth (10,50,90-percentile)=(1,6,36) and mean=14.2
steps/diagnostic/analyze_lats.sh: see stats in exp/tri4b/decode_test_word/log/analyze_lattice_depth_stats.log
local/score.sh --cmd run.pl data/mfcc/test exp/tri4b/graph_word exp/tri4b/decode_test_word
local/score.sh: scoring with word insertion penalty=0.0,0.5,1.0
tree-info exp/tri4b/tree 
tree-info exp/tri4b/tree 
make-h-transducer --disambig-syms-out=exp/tri4b/graph_phone/disambig_tid.int --transition-scale=1.0 data/graph_phone/lang/tmp/ilabels_3_1 exp/tri4b/tree exp/tri4b/final.mdl 
fstrmepslocal 
fsttablecompose exp/tri4b/graph_phone/Ha.fst data/graph_phone/lang/tmp/CLG_3_1.fst 
fstminimizeencoded 
fstrmsymbols exp/tri4b/graph_phone/disambig_tid.int 
fstdeterminizestar --use-log=true 
steps/nnet/align.sh: done aligning data.
steps/nnet/make_denlats.sh --nj 8 --cmd run.pl --config conf/decode_dnn.config --acwt 0.1 data/fbank/train data/lang exp/tri4b_dnn exp/tri4b_dnn_denlats
Making unigram grammar FST in exp/tri4b_dnn_denlats/lang
sym2int.pl: replacing l with 2
sym2int.pl: replacing = with 2
sym2int.pl: replacing l with 2
sym2int.pl: replacing = with 2
sym2int.pl: replacing l with 2
sym2int.pl: replacing = with 2
sym2int.pl: replacing l with 2
sym2int.pl: replacing = with 2
sym2int.pl: replacing l with 2
sym2int.pl: replacing = with 2
sym2int.pl: replacing l with 2
sym2int.pl: replacing = with 2
sym2int.pl: replacing l with 2
sym2int.pl: replacing = with 2
sym2int.pl: replacing l with 2
sym2int.pl: replacing = with 2
sym2int.pl: replacing l with 2
sym2int.pl: replacing = with 2
sym2int.pl: replacing l with 2
sym2int.pl: replacing = with 2
sym2int.pl: not warning for OOVs any more times
** Replaced 22 instances of OOVs with 2
Compiling decoding graph in exp/tri4b_dnn_denlats/dengraph
tree-info exp/tri4b_dnn/tree 
tree-info exp/tri4b_dnn/tree 
fsttablecompose exp/tri4b_dnn_denlats/lang/L_disambig.fst exp/tri4b_dnn_denlats/lang/G.fst 
fstpushspecial 
fstminimizeencoded 
fstdeterminizestar --use-log=true 
fstisstochastic exp/tri4b_dnn_denlats/lang/tmp/LG.fst 
-0.0323879 -0.0325606
[info]: LG not stochastic.
fstcomposecontext --context-size=3 --central-position=1 --read-disambig-syms=exp/tri4b_dnn_denlats/lang/phones/disambig.int --write-disambig-syms=exp/tri4b_dnn_denlats/lang/tmp/disambig_ilabels_3_1.int exp/tri4b_dnn_denlats/lang/tmp/ilabels_3_1.44378 
fstisstochastic exp/tri4b_dnn_denlats/lang/tmp/CLG_3_1.fst 
0 -0.0325606
[info]: CLG not stochastic.
make-h-transducer --disambig-syms-out=exp/tri4b_dnn_denlats/dengraph/disambig_tid.int --transition-scale=1.0 exp/tri4b_dnn_denlats/lang/tmp/ilabels_3_1 exp/tri4b_dnn/tree exp/tri4b_dnn/final.mdl 
fstrmepslocal 
fstminimizeencoded 
fsttablecompose exp/tri4b_dnn_denlats/dengraph/Ha.fst exp/tri4b_dnn_denlats/lang/tmp/CLG_3_1.fst 
fstdeterminizestar --use-log=true 
fstrmsymbols exp/tri4b_dnn_denlats/dengraph/disambig_tid.int 
fstisstochastic exp/tri4b_dnn_denlats/dengraph/HCLGa.fst 
0.661133 -0.0800531
HCLGa is not stochastic
add-self-loops --self-loop-scale=0.1 --reorder=true exp/tri4b_dnn/final.mdl 
steps/nnet/make_denlats.sh: generating denlats from data 'data/fbank/train', putting lattices in 'exp/tri4b_dnn_denlats'
fstisstochastic exp/tri4b/graph_phone/HCLGa.fst 
0.000481699 -0.797596
HCLGa is not stochastic
add-self-loops --self-loop-scale=0.1 --reorder=true exp/tri4b/final.mdl 
steps/decode_fmllr.sh --cmd run.pl --nj 8 exp/tri4b/graph_phone data/mfcc/test_phone exp/tri4b/decode_test_phone
steps/decode.sh --scoring-opts  --num-threads 1 --skip-scoring false --acwt 0.083333 --nj 8 --cmd run.pl --beam 10.0 --model exp/tri4b/final.alimdl --max-active 2000 exp/tri4b/graph_phone data/mfcc/test_phone exp/tri4b/decode_test_phone.si
decode.sh: feature type is lda
-------------------------------------- 12:21
steps/diagnostic/analyze_lats.sh --cmd run.pl exp/tri2b/graph_phone exp/tri2b/decode_test_phone
steps/diagnostic/analyze_lats.sh: see stats in exp/tri2b/decode_test_phone/log/analyze_alignments.log
Overall, lattice depth (10,50,90-percentile)=(2,7,24) and mean=11.1
steps/diagnostic/analyze_lats.sh: see stats in exp/tri2b/decode_test_phone/log/analyze_lattice_depth_stats.log
local/score.sh --cmd run.pl data/mfcc/test_phone exp/tri2b/graph_phone exp/tri2b/decode_test_phone
local/score.sh: scoring with word insertion penalty=0.0,0.5,1.0
steps/diagnostic/analyze_lats.sh --cmd run.pl exp/tri3b/graph_phone exp/tri3b/decode_test_phone.si
steps/diagnostic/analyze_lats.sh: see stats in exp/tri3b/decode_test_phone.si/log/analyze_alignments.log
Overall, lattice depth (10,50,90-percentile)=(2,7,21) and mean=9.8
steps/diagnostic/analyze_lats.sh: see stats in exp/tri3b/decode_test_phone.si/log/analyze_lattice_depth_stats.log
local/score.sh --cmd run.pl data/mfcc/test_phone exp/tri3b/graph_phone exp/tri3b/decode_test_phone.si
local/score.sh: scoring with word insertion penalty=0.0,0.5,1.0
steps/decode_fmllr.sh: feature type is lda
steps/decode_fmllr.sh: getting first-pass fMLLR transforms.
steps/decode_fmllr.sh: doing main lattice generation phase
steps/diagnostic/analyze_lats.sh --cmd run.pl exp/tri1/graph_phone exp/tri1/decode_test_phone
steps/diagnostic/analyze_lats.sh: see stats in exp/tri1/decode_test_phone/log/analyze_alignments.log
Overall, lattice depth (10,50,90-percentile)=(3,10,32) and mean=14.8
steps/diagnostic/analyze_lats.sh: see stats in exp/tri1/decode_test_phone/log/analyze_lattice_depth_stats.log
local/score.sh --cmd run.pl data/mfcc/test_phone exp/tri1/graph_phone exp/tri1/decode_test_phone
local/score.sh: scoring with word insertion penalty=0.0,0.5,1.0
steps/diagnostic/analyze_lats.sh --cmd run.pl exp/mono/graph_phone exp/mono/decode_test_phone
steps/diagnostic/analyze_lats.sh: see stats in exp/mono/decode_test_phone/log/analyze_alignments.log
Overall, lattice depth (10,50,90-percentile)=(6,20,63) and mean=29.2
steps/diagnostic/analyze_lats.sh: see stats in exp/mono/decode_test_phone/log/analyze_lattice_depth_stats.log
local/score.sh --cmd run.pl data/mfcc/test_phone exp/mono/graph_phone exp/mono/decode_test_phone
local/score.sh: scoring with word insertion penalty=0.0,0.5,1.0
steps/diagnostic/analyze_lats.sh --cmd run.pl exp/tri4b/graph_phone exp/tri4b/decode_test_phone.si
steps/diagnostic/analyze_lats.sh: see stats in exp/tri4b/decode_test_phone.si/log/analyze_alignments.log
Overall, lattice depth (10,50,90-percentile)=(2,6,17) and mean=8.0
steps/diagnostic/analyze_lats.sh: see stats in exp/tri4b/decode_test_phone.si/log/analyze_lattice_depth_stats.log
local/score.sh --cmd run.pl data/mfcc/test_phone exp/tri4b/graph_phone exp/tri4b/decode_test_phone.si
local/score.sh: scoring with word insertion penalty=0.0,0.5,1.0
steps/decode_fmllr.sh: feature type is lda
steps/decode_fmllr.sh: getting first-pass fMLLR transforms.
steps/decode_fmllr.sh: doing main lattice generation phase
steps/decode_fmllr.sh: estimating fMLLR transforms a second time.
steps/decode_fmllr.sh: doing a final pass of acoustic rescoring.
----------------------1:31steps/diagnostic/analyze_lats.sh --cmd run.pl exp/tri3b/graph_phone exp/tri3b/decode_test_phone
steps/diagnostic/analyze_lats.sh: see stats in exp/tri3b/decode_test_phone/log/analyze_alignments.log
Overall, lattice depth (10,50,90-percentile)=(2,6,16) and mean=8.0
steps/diagnostic/analyze_lats.sh: see stats in exp/tri3b/decode_test_phone/log/analyze_lattice_depth_stats.log
local/score.sh --cmd run.pl data/mfcc/test_phone exp/tri3b/graph_phone exp/tri3b/decode_test_phone
local/score.sh: scoring with word insertion penalty=0.0,0.5,1.0
steps/decode_fmllr.sh: estimating fMLLR transforms a second time.
steps/decode_fmllr.sh: doing a final pass of acoustic rescoring.
steps/diagnostic/analyze_lats.sh --cmd run.pl exp/tri4b/graph_phone exp/tri4b/decode_test_phone
steps/diagnostic/analyze_lats.sh: see stats in exp/tri4b/decode_test_phone/log/analyze_alignments.log
Overall, lattice depth (10,50,90-percentile)=(2,5,14) and mean=6.9
steps/diagnostic/analyze_lats.sh: see stats in exp/tri4b/decode_test_phone/log/analyze_lattice_depth_stats.log
local/score.sh --cmd run.pl data/mfcc/test_phone exp/tri4b/graph_phone exp/tri4b/decode_test_phone
local/score.sh: scoring with word insertion penalty=0.0,0.5,1.0
---------------------3.05
local/score.sh --min-lmwt 4 --max-lmwt 15 --cmd run.pl data/fbank/test exp/tri4b/graph_word exp/tri4b_dnn/decode_test_word
local/score.sh: scoring with word insertion penalty=0.0,0.5,1.0
steps/nnet/make_denlats.sh: done generating denominator lattices.
steps/nnet/train_mpe.sh --cmd run.pl --gpu 4 --num-iters 3 --acwt 0.1 --do-smbr false data/fbank/train data/lang exp/tri4b_dnn exp/tri4b_dnn_ali exp/tri4b_dnn_denlats exp/tri4b_dnn_mpe
Pass 1 (learnrate 0.00001)
---------------------begin mpe 5:00
 TRAINING FINISHED; Time taken = 38.434 min; processed 3978.64 frames per second.
 Done 9998 files, 2 with no reference alignments, 0 with no lattices, 0 with other errors.
 Overall average frame-accuracy is 0.976949 over 9174910 frames.
Pass 2 (learnrate 1e-05)
 TRAINING FINISHED; Time taken = 46.5363 min; processed 3285.93 frames per second.
 Done 9998 files, 2 with no reference alignments, 0 with no lattices, 0 with other errors.
 Overall average frame-accuracy is 0.978281 over 9174910 frames.
Pass 3 (learnrate 1e-05)
 TRAINING FINISHED; Time taken = 45.2522 min; processed 3379.17 frames per second.
 Done 9998 files, 2 with no reference alignments, 0 with no lattices, 0 with other errors.
 Overall average frame-accuracy is 0.979102 over 9174910 frames.
MPE/sMBR training finished
Re-estimating priors by forwarding 10k utterances from training set.
steps/nnet/make_priors.sh --cmd run.pl --nj 8 data/fbank/train exp/tri4b_dnn_mpe
Accumulating prior stats by forwarding 'data/fbank/train' with 'exp/tri4b_dnn_mpe'
Succeeded creating prior counts 'exp/tri4b_dnn_mpe/prior_counts' from 'data/fbank/train'
steps/nnet/train_mpe.sh: Done. 'exp/tri4b_dnn_mpe'
steps/nnet/decode.sh --nj 8 --cmd run.pl --nnet exp/tri4b_dnn_mpe/2.nnet --config conf/decode_dnn.config --acwt 0.1 exp/tri4b/graph_word data/fbank/test exp/tri4b_dnn_mpe/decode_test_word_it2
steps/nnet/decode.sh --nj 8 --cmd run.pl --nnet exp/tri4b_dnn_mpe/3.nnet --config conf/decode_dnn.config --acwt 0.1 exp/tri4b/graph_phone data/fbank/test_phone exp/tri4b_dnn_mpe/decode_test_phone_it3
steps/nnet/decode.sh --nj 8 --cmd run.pl --nnet exp/tri4b_dnn_mpe/1.nnet --config conf/decode_dnn.config --acwt 0.1 exp/tri4b/graph_phone data/fbank/test_phone exp/tri4b_dnn_mpe/decode_test_phone_it1
steps/nnet/decode.sh --nj 8 --cmd run.pl --nnet exp/tri4b_dnn_mpe/1.nnet --config conf/decode_dnn.config --acwt 0.1 exp/tri4b/graph_word data/fbank/test exp/tri4b_dnn_mpe/decode_test_word_it1
steps/nnet/decode.sh --nj 8 --cmd run.pl --nnet exp/tri4b_dnn_mpe/3.nnet --config conf/decode_dnn.config --acwt 0.1 exp/tri4b/graph_word data/fbank/test exp/tri4b_dnn_mpe/decode_test_word_it3
steps/nnet/decode.sh --nj 8 --cmd run.pl --nnet exp/tri4b_dnn_mpe/2.nnet --config conf/decode_dnn.config --acwt 0.1 exp/tri4b/graph_phone data/fbank/test_phone exp/tri4b_dnn_mpe/decode_test_phone_it2
DAE: switching to per-utterance CMVN mode
steps/compute_cmvn_stats.sh data/fbank/train exp/fbank_cmvn/train.per_utt fbank/per_utt
Succeeded creating CMVN stats for train
steps/compute_cmvn_stats.sh data/fbank/dev exp/fbank_cmvn/dev.per_utt fbank/per_utt
Succeeded creating CMVN stats for dev
steps/compute_cmvn_stats.sh data/fbank/test exp/fbank_cmvn/test.per_utt fbank/per_utt
Succeeded creating CMVN stats for test
steps/compute_cmvn_stats.sh data/fbank/test_phone exp/fbank_cmvn/test_phone.per_utt fbank/per_utt
Succeeded creating CMVN stats for test_phone
DAE: generate training data...
steps/make_fbank.sh --nj 8 --cmd run.pl data/dae/train exp/dae/gendata fbank/dae/train
Checking data/dae/train/text ...
--> reading data/dae/train/text
--> text seems to be UTF-8 or ASCII, checking whitespaces
--> text contains only allowed whitespaces
utils/validate_data_dir.sh: Successfully validated data-directory data/dae/train
steps/make_fbank.sh: [info]: no segments file exists: assuming wav.scp indexed by utterance.
Succeeded creating filterbank features for train
steps/compute_cmvn_stats.sh data/dae/train exp/dae/cmvn fbank/dae/train
Succeeded creating CMVN stats for train
DAE: generating dev data...
steps/make_fbank.sh --nj 8 --cmd run.pl data/dae/dev/0db exp/dae/gendata fbank/dae/dev/0db
Checking data/dae/dev/0db/text ...
--> reading data/dae/dev/0db/text
--> text seems to be UTF-8 or ASCII, checking whitespaces
--> text contains only allowed whitespaces
utils/validate_data_dir.sh: Successfully validated data-directory data/dae/dev/0db
steps/make_fbank.sh: [info]: no segments file exists: assuming wav.scp indexed by utterance.
Succeeded creating filterbank features for 0db
steps/compute_cmvn_stats.sh data/dae/dev/0db exp/dae/cmvn fbank/dae/dev/0db
Succeeded creating CMVN stats for 0db
DAE: generating test data...
producing fbanks for car
steps/make_fbank.sh --nj 8 --cmd run.pl data/dae/test/0db/car exp/dae/gendata fbank/dae/test/0db/car
Checking data/dae/test/0db/car/text ...
--> reading data/dae/test/0db/car/text
--> text seems to be UTF-8 or ASCII, checking whitespaces
--> text contains only allowed whitespaces
utils/validate_data_dir.sh: Successfully validated data-directory data/dae/test/0db/car
steps/make_fbank.sh: [info]: no segments file exists: assuming wav.scp indexed by utterance.
Succeeded creating filterbank features for car
generating cmvn for test data car
steps/compute_cmvn_stats.sh data/dae/test/0db/car exp/dae/cmvn fbank/dae/test/0db/car
Succeeded creating CMVN stats for car
producing fbanks for white
steps/make_fbank.sh --nj 8 --cmd run.pl data/dae/test/0db/white exp/dae/gendata fbank/dae/test/0db/white
Checking data/dae/test/0db/white/text ...
--> reading data/dae/test/0db/white/text
--> text seems to be UTF-8 or ASCII, checking whitespaces
--> text contains only allowed whitespaces
utils/validate_data_dir.sh: Successfully validated data-directory data/dae/test/0db/white
steps/make_fbank.sh: [info]: no segments file exists: assuming wav.scp indexed by utterance.
Succeeded creating filterbank features for white
generating cmvn for test data white
steps/compute_cmvn_stats.sh data/dae/test/0db/white exp/dae/cmvn fbank/dae/test/0db/white
Succeeded creating CMVN stats for white
producing fbanks for cafe
steps/make_fbank.sh --nj 8 --cmd run.pl data/dae/test/0db/cafe exp/dae/gendata fbank/dae/test/0db/cafe
Checking data/dae/test/0db/cafe/text ...
--> reading data/dae/test/0db/cafe/text
--> text seems to be UTF-8 or ASCII, checking whitespaces
--> text contains only allowed whitespaces
utils/validate_data_dir.sh: Successfully validated data-directory data/dae/test/0db/cafe
steps/make_fbank.sh: [info]: no segments file exists: assuming wav.scp indexed by utterance.
Succeeded creating filterbank features for cafe
generating cmvn for test data cafe
steps/compute_cmvn_stats.sh data/dae/test/0db/cafe exp/dae/cmvn fbank/dae/test/0db/cafe
Succeeded creating CMVN stats for cafe
feat-to-dim scp:exp/tri4b_dnn_dae/tgt_feats.scp - 
num_fea = 40
nnet-concat exp/tri4b_dnn_dae/final.feature_transform exp/tri4b_dnn_dae/final.nnet exp/tri4b_dnn_mpe/final.feature_transform exp/tri4b_dnn_dae/dae.nnet 
LOG (nnet-concat[5.3]:main():nnet-concat.cc:53) Reading exp/tri4b_dnn_dae/final.feature_transform
LOG (nnet-concat[5.3]:main():nnet-concat.cc:65) Concatenating exp/tri4b_dnn_dae/final.nnet
LOG (nnet-concat[5.3]:main():nnet-concat.cc:65) Concatenating exp/tri4b_dnn_mpe/final.feature_transform
LOG (nnet-concat[5.3]:main():nnet-concat.cc:82) Written model to exp/tri4b_dnn_dae/dae.nnet
DAE: switch bach to per-speaker CMVN mode
steps/nnet/decode.sh --cmd run.pl --nj 8 --srcdir exp/tri4b_dnn_mpe exp/tri4b/graph_word data/dae/test/0db/car exp/tri4b_dnn_mpe/decode_word_0db/car
steps/nnet/decode.sh --cmd run.pl --nj 8 --srcdir exp/tri4b_dnn_mpe exp/tri4b/graph_word data/dae/test/0db/white exp/tri4b_dnn_mpe/decode_word_0db/white
steps/nnet/decode.sh --cmd run.pl --nj 8 --srcdir exp/tri4b_dnn_mpe exp/tri4b/graph_word data/dae/test/0db/cafe exp/tri4b_dnn_mpe/decode_word_0db/cafe
liujunnan@innovem:~/egs/thchs30/s5$ 
liujunnan@innovem:~/egs/thchs30/s5$ 
liujunnan@innovem:~/egs/thchs30/s5$ ------------------------------------------------- 12:21
-------------------------------------------------: command not found
liujunnan@innovem:~/egs/thchs30/s5$ ----------------------1:---------------------3.05
----------------------1:---------------------3.05: command not found
liujunnan@innovem:~/egs/thchs30/s5$ ---------------------begin mpe 5:00
---------------------begin: command not found
liujunnan@innovem:~/egs/thchs30/s5$ local/score.sh --min-lmwt 4 --max-lmwt 15 --cmd run.pl data/fbank/test_phone exp/tri4b/graph_phone exp/tri4b_dnn_mpe/decode_test_phone_it3
local/score.sh: scoring with word insertion penalty=0.0,0.5,1.0
local/score.sh --min-lmwt 4 --max-lmwt 15 --cmd run.pl data/dae/test/0db/white exp/tri4b/graph_word exp/tri4b_dnn_mpe/decode_word_0db/white
local/score.sh: scoring with word insertion penalty=0.0,0.5,1.0
steps/nnet/decode.sh --cmd run.pl --nj 8 --srcdir exp/tri4b_dnn_mpe --feature-transform exp/tri4b_dnn_dae/dae.nnet exp/tri4b/graph_word data/dae/test/0db/white exp/tri4b_dnn_dae/decode_word_0db/white
local/score.sh --min-lmwt 4 --max-lmwt 15 --cmd run.pl data/fbank/test exp/tri4b/graph_word exp/tri4b_dnn_mpe/decode_test_word_it3
local/score.sh: scoring with word insertion penalty=0.0,0.5,1.0
local/score.sh --min-lmwt 4 --max-lmwt 15 --cmd run.pl data/fbank/test_phone exp/tri4b/graph_phone exp/tri4b_dnn_mpe/decode_test_phone_it2
local/score.sh: scoring with word insertion penalty=0.0,0.5,1.0
local/score.sh --min-lmwt 4 --max-lmwt 15 --cmd run.pl data/fbank/test exp/tri4b/graph_word exp/tri4b_dnn_mpe/decode_test_word_it1
local/score.sh: scoring with word insertion penalty=0.0,0.5,1.0
local/score.sh --min-lmwt 4 --max-lmwt 15 --cmd run.pl data/fbank/test exp/tri4b/graph_word exp/tri4b_dnn_mpe/decode_test_word_it2
local/score.sh: scoring with word insertion penalty=0.0,0.5,1.0
local/score.sh --min-lmwt 4 --max-lmwt 15 --cmd run.pl data/fbank/test_phone exp/tri4b/graph_phone exp/tri4b_dnn_mpe/decode_test_phone_it1
local/score.sh: scoring with word insertion penalty=0.0,0.5,1.0
local/score.sh --min-lmwt 4 --max-lmwt 15 --cmd run.pl data/dae/test/0db/cafe exp/tri4b/graph_word exp/tri4b_dnn_mpe/decode_word_0db/cafe
local/score.sh: scoring with word insertion penalty=0.0,0.5,1.0
steps/nnet/decode.sh --cmd run.pl --nj 8 --srcdir exp/tri4b_dnn_mpe --feature-transform exp/tri4b_dnn_dae/dae.nnet exp/tri4b/graph_word data/dae/test/0db/cafe exp/tri4b_dnn_dae/decode_word_0db/cafe
local/score.sh --min-lmwt 4 --max-lmwt 15 --cmd run.pl data/dae/test/0db/car exp/tri4b/graph_word exp/tri4b_dnn_mpe/decode_word_0db/car
local/score.sh: scoring with word insertion penalty=0.0,0.5,1.0
steps/nnet/decode.sh --cmd run.pl --nj 8 --srcdir exp/tri4b_dnn_mpe --feature-transform exp/tri4b_dnn_dae/dae.nnet exp/tri4b/graph_word data/dae/test/0db/car exp/tri4b_dnn_dae/decode_word_0db/car
local/score.sh --min-lmwt 4 --max-lmwt 15 --cmd run.pl data/dae/test/0db/car exp/tri4b/graph_word exp/tri4b_dnn_dae/decode_word_0db/car
local/score.sh: scoring with word insertion penalty=0.0,0.5,1.0
steps/nnet/decode.sh --cmd run.pl --nj 8 --srcdir exp/tri4b_dnn_mpe exp/tri4b/graph_phone data/dae/test/0db/car_phone exp/tri4b_dnn_mpe/decode_phone_0db/car
local/score.sh --min-lmwt 4 --max-lmwt 15 --cmd run.pl data/dae/test/0db/white exp/tri4b/graph_word exp/tri4b_dnn_dae/decode_word_0db/white
local/score.sh: scoring with word insertion penalty=0.0,0.5,1.0
steps/nnet/decode.sh --cmd run.pl --nj 8 --srcdir exp/tri4b_dnn_mpe exp/tri4b/graph_phone data/dae/test/0db/white_phone exp/tri4b_dnn_mpe/decode_phone_0db/white
local/score.sh --min-lmwt 4 --max-lmwt 15 --cmd run.pl data/dae/test/0db/cafe exp/tri4b/graph_word exp/tri4b_dnn_dae/decode_word_0db/cafe
local/score.sh: scoring with word insertion penalty=0.0,0.5,1.0
steps/nnet/decode.sh --cmd run.pl --nj 8 --srcdir exp/tri4b_dnn_mpe exp/tri4b/graph_phone data/dae/test/0db/cafe_phone exp/tri4b_dnn_mpe/decode_phone_0db/cafe
local/score.sh --min-lmwt 4 --max-lmwt 15 --cmd run.pl data/dae/test/0db/car_phone exp/tri4b/graph_phone exp/tri4b_dnn_mpe/decode_phone_0db/car
local/score.sh: scoring with word insertion penalty=0.0,0.5,1.0
steps/nnet/decode.sh --cmd run.pl --nj 8 --srcdir exp/tri4b_dnn_mpe --feature-transform exp/tri4b_dnn_dae/dae.nnet exp/tri4b/graph_phone data/dae/test/0db/car_phone exp/tri4b_dnn_dae/decode_phone_0db/car
local/score.sh --min-lmwt 4 --max-lmwt 15 --cmd run.pl data/dae/test/0db/white_phone exp/tri4b/graph_phone exp/tri4b_dnn_mpe/decode_phone_0db/white
local/score.sh: scoring with word insertion penalty=0.0,0.5,1.0
steps/nnet/decode.sh --cmd run.pl --nj 8 --srcdir exp/tri4b_dnn_mpe --feature-transform exp/tri4b_dnn_dae/dae.nnet exp/tri4b/graph_phone data/dae/test/0db/white_phone exp/tri4b_dnn_dae/decode_phone_0db/white
local/score.sh --min-lmwt 4 --max-lmwt 15 --cmd run.pl data/dae/test/0db/car_phone exp/tri4b/graph_phone exp/tri4b_dnn_dae/decode_phone_0db/car
local/score.sh: scoring with word insertion penalty=0.0,0.5,1.0
local/score.sh --min-lmwt 4 --max-lmwt 15 --cmd run.pl data/dae/test/0db/cafe_phone exp/tri4b/graph_phone exp/tri4b_dnn_mpe/decode_phone_0db/cafe
local/score.sh: scoring with word insertion penalty=0.0,0.5,1.0
steps/nnet/decode.sh --cmd run.pl --nj 8 --srcdir exp/tri4b_dnn_mpe --feature-transform exp/tri4b_dnn_dae/dae.nnet exp/tri4b/graph_phone data/dae/test/0db/cafe_phone exp/tri4b_dnn_dae/decode_phone_0db/cafe
local/score.sh --min-lmwt 4 --max-lmwt 15 --cmd run.pl data/dae/test/0db/white_phone exp/tri4b/graph_phone exp/tri4b_dnn_dae/decode_phone_0db/white
local/score.sh: scoring with word insertion penalty=0.0,0.5,1.0
local/score.sh --min-lmwt 4 --max-lmwt 15 --cmd run.pl data/dae/test/0db/cafe_phone exp/tri4b/graph_phone exp/tri4b_dnn_dae/decode_phone_0db/cafe
local/score.sh: scoring with word insertion penalty=0.0,0.5,1.0
liujunnan@innovem:~/egs/thchs30/s5$ 
liujunnan@innovem:~/egs/thchs30/s5$ 
liujunnan@innovem:~/egs/thchs30/s5$ 
liujunnan@innovem:~/egs/thchs30/s5$ ps

